<?xml version="1.0" encoding="UTF-8"?>
<coverage generated="1674744735259" clover="3.2.0">
  <project timestamp="1674744735259" name="All files">
    <metrics statements="30" coveredstatements="29" conditionals="6" coveredconditionals="5" methods="12" coveredmethods="11" elements="48" coveredelements="45" complexity="0" loc="30" ncloc="30" packages="2" files="2" classes="2"/>
    <package name="src">
      <metrics statements="3" coveredstatements="2" conditionals="2" coveredconditionals="1" methods="2" coveredmethods="1"/>
      <file name="LocalStorage.js" path="C:\Users\user\Desktop\Todo\src\LocalStorage.js">
        <metrics statements="3" coveredstatements="2" conditionals="2" coveredconditionals="1" methods="2" coveredmethods="1"/>
        <line num="1" count="1" type="cond" truecount="1" falsecount="1"/>
        <line num="4" count="1" type="stmt"/>
        <line num="5" count="0" type="stmt"/>
      </file>
    </package>
    <package name="src.Modules">
      <metrics statements="27" coveredstatements="27" conditionals="4" coveredconditionals="4" methods="10" coveredmethods="10"/>
      <file name="ListClass.js" path="C:\Users\user\Desktop\Todo\src\Modules\ListClass.js">
        <metrics statements="27" coveredstatements="27" conditionals="4" coveredconditionals="4" methods="10" coveredmethods="10"/>
        <line num="5" count="1" type="stmt"/>
        <line num="9" count="4" type="stmt"/>
        <line num="10" count="4" type="stmt"/>
        <line num="15" count="4" type="stmt"/>
        <line num="16" count="4" type="stmt"/>
        <line num="20" count="8" type="stmt"/>
        <line num="21" count="3" type="stmt"/>
        <line num="22" count="6" type="stmt"/>
        <line num="23" count="6" type="stmt"/>
        <line num="25" count="3" type="stmt"/>
        <line num="26" count="3" type="stmt"/>
        <line num="30" count="6" type="stmt"/>
        <line num="31" count="11" type="cond" truecount="2" falsecount="0"/>
        <line num="32" count="6" type="cond" truecount="2" falsecount="0"/>
        <line num="33" count="4" type="stmt"/>
        <line num="34" count="4" type="stmt"/>
        <line num="36" count="2" type="stmt"/>
        <line num="37" count="2" type="stmt"/>
        <line num="39" count="5" type="stmt"/>
        <line num="41" count="6" type="stmt"/>
        <line num="42" count="6" type="stmt"/>
        <line num="46" count="3" type="stmt"/>
        <line num="47" count="2" type="stmt"/>
        <line num="48" count="1" type="stmt"/>
        <line num="49" count="1" type="stmt"/>
        <line num="51" count="2" type="stmt"/>
        <line num="52" count="2" type="stmt"/>
      </file>
    </package>
  </project>
</coverage>
