TN:
SF:src\LocalStorage.js
FN:1,(anonymous_0)
FN:4,(anonymous_1)
FNF:2
FNH:1
FNDA:1,(anonymous_0)
FNDA:0,(anonymous_1)
DA:1,1
DA:4,1
DA:5,0
LF:3
LH:2
BRDA:1,0,0,0
BRDA:1,0,1,1
BRF:2
BRH:1
end_of_record
TN:
SF:src\Modules\ListClass.js
FN:4,(anonymous_0)
FN:8,(anonymous_1)
FN:19,(anonymous_2)
FN:20,(anonymous_3)
FN:21,(anonymous_4)
FN:29,(anonymous_5)
FN:30,(anonymous_6)
FN:45,(anonymous_7)
FN:46,(anonymous_8)
FN:47,(anonymous_9)
FNF:10
FNH:10
FNDA:1,(anonymous_0)
FNDA:4,(anonymous_1)
FNDA:3,(anonymous_2)
FNDA:8,(anonymous_3)
FNDA:6,(anonymous_4)
FNDA:6,(anonymous_5)
FNDA:11,(anonymous_6)
FNDA:2,(anonymous_7)
FNDA:3,(anonymous_8)
FNDA:1,(anonymous_9)
DA:5,1
DA:9,4
DA:10,4
DA:15,4
DA:16,4
DA:20,8
DA:21,3
DA:22,6
DA:23,6
DA:25,3
DA:26,3
DA:30,6
DA:31,11
DA:32,6
DA:33,4
DA:34,4
DA:36,2
DA:37,2
DA:39,5
DA:41,6
DA:42,6
DA:46,3
DA:47,2
DA:48,1
DA:49,1
DA:51,2
DA:52,2
LF:27
LH:27
BRDA:31,0,0,6
BRDA:31,0,1,5
BRDA:32,1,0,4
BRDA:32,1,1,2
BRF:4
BRH:4
end_of_record
